[0.085s] DEBUG:colcon:Command line arguments: ['/usr/bin/colcon', 'build']
[0.085s] DEBUG:colcon:Parsed command line arguments: Namespace(log_base=None, log_level=None, verb_name='build', build_base='build', install_base='install', merge_install=False, symlink_install=False, test_result_base=None, continue_on_error=False, executor='parallel', parallel_workers=16, event_handlers=None, ignore_user_meta=False, metas=['./colcon.meta'], base_paths=['.'], packages_ignore=None, packages_ignore_regex=None, paths=None, packages_up_to=None, packages_up_to_regex=None, packages_above=None, packages_above_and_dependencies=None, packages_above_depth=None, packages_select_by_dep=None, packages_skip_by_dep=None, packages_skip_up_to=None, packages_select_build_failed=False, packages_skip_build_finished=False, packages_select_test_failures=False, packages_skip_test_passed=False, packages_select=None, packages_skip=None, packages_select_regex=None, packages_skip_regex=None, packages_start=None, packages_end=None, allow_overriding=[], cmake_args=None, cmake_target=None, cmake_target_skip_unavailable=False, cmake_clean_cache=False, cmake_clean_first=False, cmake_force_configure=False, ament_cmake_args=None, catkin_cmake_args=None, catkin_skip_building_tests=False, mixin_files=None, mixin=None, verb_parser=<colcon_mixin.mixin.mixin_argument.MixinArgumentDecorator object at 0x70ff8c950b50>, verb_extension=<colcon_core.verb.build.BuildVerb object at 0x70ff8c9504c0>, main=<bound method BuildVerb.main of <colcon_core.verb.build.BuildVerb object at 0x70ff8c9504c0>>, mixin_verb=('build',))
[0.247s] Level 1:colcon.colcon_core.package_discovery:discover_packages(colcon_meta) check parameters
[0.247s] Level 1:colcon.colcon_core.package_discovery:discover_packages(recursive) check parameters
[0.247s] Level 1:colcon.colcon_core.package_discovery:discover_packages(ignore) check parameters
[0.247s] Level 1:colcon.colcon_core.package_discovery:discover_packages(path) check parameters
[0.247s] Level 1:colcon.colcon_core.package_discovery:discover_packages(colcon_meta) discover
[0.247s] Level 1:colcon.colcon_core.package_discovery:discover_packages(recursive) discover
[0.247s] INFO:colcon.colcon_core.package_discovery:Crawling recursively for packages in '/home/dani/Estudos/codas/tac_robotica/my_workspace/src/turtlesim_circles_and_squares'
[0.247s] Level 1:colcon.colcon_core.package_identification:_identify(.) by extensions ['ignore', 'ignore_ament_install']
[0.247s] Level 1:colcon.colcon_core.package_identification:_identify(.) by extension 'ignore'
[0.247s] Level 1:colcon.colcon_core.package_identification:_identify(.) by extension 'ignore_ament_install'
[0.248s] Level 1:colcon.colcon_core.package_identification:_identify(.) by extensions ['colcon_pkg']
[0.248s] Level 1:colcon.colcon_core.package_identification:_identify(.) by extension 'colcon_pkg'
[0.248s] Level 1:colcon.colcon_core.package_identification:_identify(.) by extensions ['colcon_meta']
[0.248s] Level 1:colcon.colcon_core.package_identification:_identify(.) by extension 'colcon_meta'
[0.248s] Level 1:colcon.colcon_core.package_identification:_identify(.) by extensions ['ros']
[0.248s] Level 1:colcon.colcon_core.package_identification:_identify(.) by extension 'ros'
[0.264s] DEBUG:colcon.colcon_core.package_identification:Package '.' with type 'ros.ament_python' and name 'turtlesim_circles_and_squares'
[0.264s] Level 1:colcon.colcon_core.package_discovery:discover_packages(recursive) using defaults
[0.264s] Level 1:colcon.colcon_core.package_discovery:discover_packages(ignore) discover
[0.264s] Level 1:colcon.colcon_core.package_discovery:discover_packages(ignore) using defaults
[0.264s] Level 1:colcon.colcon_core.package_discovery:discover_packages(path) discover
[0.264s] Level 1:colcon.colcon_core.package_discovery:discover_packages(path) using defaults
[0.278s] Level 1:colcon.colcon_core.package_discovery:discover_packages(prefix_path) check parameters
[0.278s] Level 1:colcon.colcon_core.package_discovery:discover_packages(prefix_path) discover
[0.280s] DEBUG:colcon.colcon_installed_package_information.package_discovery:Found 1 installed packages in /home/dani/Estudos/codas/tac_robotica/my_workspace/src/turtlesim_circles_and_squares/install
[0.281s] DEBUG:colcon.colcon_installed_package_information.package_discovery:Found 270 installed packages in /opt/ros/humble
[0.281s] Level 1:colcon.colcon_core.package_discovery:discover_packages(prefix_path) using defaults
[0.307s] Level 5:colcon.colcon_core.verb:set package 'turtlesim_circles_and_squares' build argument 'cmake_args' from command line to 'None'
[0.307s] Level 5:colcon.colcon_core.verb:set package 'turtlesim_circles_and_squares' build argument 'cmake_target' from command line to 'None'
[0.307s] Level 5:colcon.colcon_core.verb:set package 'turtlesim_circles_and_squares' build argument 'cmake_target_skip_unavailable' from command line to 'False'
[0.307s] Level 5:colcon.colcon_core.verb:set package 'turtlesim_circles_and_squares' build argument 'cmake_clean_cache' from command line to 'False'
[0.307s] Level 5:colcon.colcon_core.verb:set package 'turtlesim_circles_and_squares' build argument 'cmake_clean_first' from command line to 'False'
[0.307s] Level 5:colcon.colcon_core.verb:set package 'turtlesim_circles_and_squares' build argument 'cmake_force_configure' from command line to 'False'
[0.307s] Level 5:colcon.colcon_core.verb:set package 'turtlesim_circles_and_squares' build argument 'ament_cmake_args' from command line to 'None'
[0.307s] Level 5:colcon.colcon_core.verb:set package 'turtlesim_circles_and_squares' build argument 'catkin_cmake_args' from command line to 'None'
[0.307s] Level 5:colcon.colcon_core.verb:set package 'turtlesim_circles_and_squares' build argument 'catkin_skip_building_tests' from command line to 'False'
[0.307s] DEBUG:colcon.colcon_core.verb:Building package 'turtlesim_circles_and_squares' with the following arguments: {'ament_cmake_args': None, 'build_base': '/home/dani/Estudos/codas/tac_robotica/my_workspace/src/turtlesim_circles_and_squares/build/turtlesim_circles_and_squares', 'catkin_cmake_args': None, 'catkin_skip_building_tests': False, 'cmake_args': None, 'cmake_clean_cache': False, 'cmake_clean_first': False, 'cmake_force_configure': False, 'cmake_target': None, 'cmake_target_skip_unavailable': False, 'install_base': '/home/dani/Estudos/codas/tac_robotica/my_workspace/src/turtlesim_circles_and_squares/install/turtlesim_circles_and_squares', 'merge_install': False, 'path': '/home/dani/Estudos/codas/tac_robotica/my_workspace/src/turtlesim_circles_and_squares', 'symlink_install': False, 'test_result_base': None}
[0.307s] INFO:colcon.colcon_core.executor:Executing jobs using 'parallel' executor
[0.308s] DEBUG:colcon.colcon_parallel_executor.executor.parallel:run_until_complete
[0.308s] INFO:colcon.colcon_ros.task.ament_python.build:Building ROS package in '/home/dani/Estudos/codas/tac_robotica/my_workspace/src/turtlesim_circles_and_squares' with build type 'ament_python'
[0.309s] Level 1:colcon.colcon_core.shell:create_environment_hook('turtlesim_circles_and_squares', 'ament_prefix_path')
[0.310s] INFO:colcon.colcon_core.plugin_system:Skipping extension 'colcon_core.shell.bat': Not used on non-Windows systems
[0.310s] INFO:colcon.colcon_core.shell:Creating environment hook '/home/dani/Estudos/codas/tac_robotica/my_workspace/src/turtlesim_circles_and_squares/install/turtlesim_circles_and_squares/share/turtlesim_circles_and_squares/hook/ament_prefix_path.ps1'
[0.311s] INFO:colcon.colcon_core.shell:Creating environment descriptor '/home/dani/Estudos/codas/tac_robotica/my_workspace/src/turtlesim_circles_and_squares/install/turtlesim_circles_and_squares/share/turtlesim_circles_and_squares/hook/ament_prefix_path.dsv'
[0.311s] INFO:colcon.colcon_core.shell:Creating environment hook '/home/dani/Estudos/codas/tac_robotica/my_workspace/src/turtlesim_circles_and_squares/install/turtlesim_circles_and_squares/share/turtlesim_circles_and_squares/hook/ament_prefix_path.sh'
[0.312s] INFO:colcon.colcon_core.shell:Skip shell extension 'powershell' for command environment: Not usable outside of PowerShell
[0.312s] DEBUG:colcon.colcon_core.shell:Skip shell extension 'dsv' for command environment
[0.542s] INFO:colcon.colcon_core.task.python.build:Building Python package in '/home/dani/Estudos/codas/tac_robotica/my_workspace/src/turtlesim_circles_and_squares'
[0.542s] INFO:colcon.colcon_core.shell:Skip shell extension 'powershell' for command environment: Not usable outside of PowerShell
[0.542s] DEBUG:colcon.colcon_core.shell:Skip shell extension 'dsv' for command environment
[0.870s] DEBUG:colcon.colcon_core.event_handler.log_command:Invoking command in '/home/dani/Estudos/codas/tac_robotica/my_workspace/src/turtlesim_circles_and_squares': PYTHONPATH=/home/dani/Estudos/codas/tac_robotica/my_workspace/src/turtlesim_circles_and_squares/build/turtlesim_circles_and_squares/prefix_override:/usr/lib/python3/dist-packages/colcon_core/task/python/colcon_distutils_commands:/home/dani/Estudos/codas/tac_robotica/my_workspace/src/turtlesim_circles_and_squares/install/turtlesim_circles_and_squares/lib/python3.10/site-packages:${PYTHONPATH} /usr/bin/python3 -W ignore:setup.py install is deprecated -W ignore:easy_install command is deprecated setup.py egg_info --egg-base build/turtlesim_circles_and_squares build --build-base /home/dani/Estudos/codas/tac_robotica/my_workspace/src/turtlesim_circles_and_squares/build/turtlesim_circles_and_squares/build install --record /home/dani/Estudos/codas/tac_robotica/my_workspace/src/turtlesim_circles_and_squares/build/turtlesim_circles_and_squares/install.log --single-version-externally-managed install_data
[1.122s] DEBUG:colcon.colcon_core.event_handler.log_command:Invoked command in '/home/dani/Estudos/codas/tac_robotica/my_workspace/src/turtlesim_circles_and_squares' returned '0': PYTHONPATH=/home/dani/Estudos/codas/tac_robotica/my_workspace/src/turtlesim_circles_and_squares/build/turtlesim_circles_and_squares/prefix_override:/usr/lib/python3/dist-packages/colcon_core/task/python/colcon_distutils_commands:/home/dani/Estudos/codas/tac_robotica/my_workspace/src/turtlesim_circles_and_squares/install/turtlesim_circles_and_squares/lib/python3.10/site-packages:${PYTHONPATH} /usr/bin/python3 -W ignore:setup.py install is deprecated -W ignore:easy_install command is deprecated setup.py egg_info --egg-base build/turtlesim_circles_and_squares build --build-base /home/dani/Estudos/codas/tac_robotica/my_workspace/src/turtlesim_circles_and_squares/build/turtlesim_circles_and_squares/build install --record /home/dani/Estudos/codas/tac_robotica/my_workspace/src/turtlesim_circles_and_squares/build/turtlesim_circles_and_squares/install.log --single-version-externally-managed install_data
[1.124s] Level 1:colcon.colcon_core.environment:checking '/home/dani/Estudos/codas/tac_robotica/my_workspace/src/turtlesim_circles_and_squares/install/turtlesim_circles_and_squares' for CMake module files
[1.124s] Level 1:colcon.colcon_core.environment:checking '/home/dani/Estudos/codas/tac_robotica/my_workspace/src/turtlesim_circles_and_squares/install/turtlesim_circles_and_squares' for CMake config files
[1.125s] Level 1:colcon.colcon_core.environment:checking '/home/dani/Estudos/codas/tac_robotica/my_workspace/src/turtlesim_circles_and_squares/install/turtlesim_circles_and_squares/lib'
[1.125s] Level 1:colcon.colcon_core.environment:checking '/home/dani/Estudos/codas/tac_robotica/my_workspace/src/turtlesim_circles_and_squares/install/turtlesim_circles_and_squares/bin'
[1.125s] Level 1:colcon.colcon_core.environment:checking '/home/dani/Estudos/codas/tac_robotica/my_workspace/src/turtlesim_circles_and_squares/install/turtlesim_circles_and_squares/lib/pkgconfig/turtlesim_circles_and_squares.pc'
[1.125s] Level 1:colcon.colcon_core.environment:checking '/home/dani/Estudos/codas/tac_robotica/my_workspace/src/turtlesim_circles_and_squares/install/turtlesim_circles_and_squares/lib/python3.10/site-packages'
[1.125s] Level 1:colcon.colcon_core.shell:create_environment_hook('turtlesim_circles_and_squares', 'pythonpath')
[1.125s] INFO:colcon.colcon_core.shell:Creating environment hook '/home/dani/Estudos/codas/tac_robotica/my_workspace/src/turtlesim_circles_and_squares/install/turtlesim_circles_and_squares/share/turtlesim_circles_and_squares/hook/pythonpath.ps1'
[1.126s] INFO:colcon.colcon_core.shell:Creating environment descriptor '/home/dani/Estudos/codas/tac_robotica/my_workspace/src/turtlesim_circles_and_squares/install/turtlesim_circles_and_squares/share/turtlesim_circles_and_squares/hook/pythonpath.dsv'
[1.126s] INFO:colcon.colcon_core.shell:Creating environment hook '/home/dani/Estudos/codas/tac_robotica/my_workspace/src/turtlesim_circles_and_squares/install/turtlesim_circles_and_squares/share/turtlesim_circles_and_squares/hook/pythonpath.sh'
[1.126s] Level 1:colcon.colcon_core.environment:checking '/home/dani/Estudos/codas/tac_robotica/my_workspace/src/turtlesim_circles_and_squares/install/turtlesim_circles_and_squares/bin'
[1.126s] Level 1:colcon.colcon_core.environment:create_environment_scripts_only(turtlesim_circles_and_squares)
[1.127s] INFO:colcon.colcon_core.shell:Creating package script '/home/dani/Estudos/codas/tac_robotica/my_workspace/src/turtlesim_circles_and_squares/install/turtlesim_circles_and_squares/share/turtlesim_circles_and_squares/package.ps1'
[1.127s] INFO:colcon.colcon_core.shell:Creating package descriptor '/home/dani/Estudos/codas/tac_robotica/my_workspace/src/turtlesim_circles_and_squares/install/turtlesim_circles_and_squares/share/turtlesim_circles_and_squares/package.dsv'
[1.128s] INFO:colcon.colcon_core.shell:Creating package script '/home/dani/Estudos/codas/tac_robotica/my_workspace/src/turtlesim_circles_and_squares/install/turtlesim_circles_and_squares/share/turtlesim_circles_and_squares/package.sh'
[1.128s] INFO:colcon.colcon_core.shell:Creating package script '/home/dani/Estudos/codas/tac_robotica/my_workspace/src/turtlesim_circles_and_squares/install/turtlesim_circles_and_squares/share/turtlesim_circles_and_squares/package.bash'
[1.128s] INFO:colcon.colcon_core.shell:Creating package script '/home/dani/Estudos/codas/tac_robotica/my_workspace/src/turtlesim_circles_and_squares/install/turtlesim_circles_and_squares/share/turtlesim_circles_and_squares/package.zsh'
[1.129s] Level 1:colcon.colcon_core.environment:create_file_with_runtime_dependencies(/home/dani/Estudos/codas/tac_robotica/my_workspace/src/turtlesim_circles_and_squares/install/turtlesim_circles_and_squares/share/colcon-core/packages/turtlesim_circles_and_squares)
[1.129s] DEBUG:colcon.colcon_parallel_executor.executor.parallel:closing loop
[1.129s] DEBUG:colcon.colcon_parallel_executor.executor.parallel:loop closed
[1.129s] DEBUG:colcon.colcon_parallel_executor.executor.parallel:run_until_complete finished with '0'
[1.129s] DEBUG:colcon.colcon_core.event_reactor:joining thread
[1.133s] INFO:colcon.colcon_core.plugin_system:Skipping extension 'colcon_notification.desktop_notification.terminal_notifier': Not used on non-Darwin systems
[1.133s] INFO:colcon.colcon_core.plugin_system:Skipping extension 'colcon_notification.desktop_notification.win32': Not used on non-Windows systems
[1.133s] INFO:colcon.colcon_notification.desktop_notification:Sending desktop notification using 'notify2'
[1.142s] DEBUG:colcon.colcon_core.event_reactor:joined thread
[1.143s] INFO:colcon.colcon_core.shell:Creating prefix script '/home/dani/Estudos/codas/tac_robotica/my_workspace/src/turtlesim_circles_and_squares/install/local_setup.ps1'
[1.144s] INFO:colcon.colcon_core.shell:Creating prefix util module '/home/dani/Estudos/codas/tac_robotica/my_workspace/src/turtlesim_circles_and_squares/install/_local_setup_util_ps1.py'
[1.145s] INFO:colcon.colcon_core.shell:Creating prefix chain script '/home/dani/Estudos/codas/tac_robotica/my_workspace/src/turtlesim_circles_and_squares/install/setup.ps1'
[1.145s] INFO:colcon.colcon_core.shell:Creating prefix script '/home/dani/Estudos/codas/tac_robotica/my_workspace/src/turtlesim_circles_and_squares/install/local_setup.sh'
[1.146s] INFO:colcon.colcon_core.shell:Creating prefix util module '/home/dani/Estudos/codas/tac_robotica/my_workspace/src/turtlesim_circles_and_squares/install/_local_setup_util_sh.py'
[1.146s] INFO:colcon.colcon_core.shell:Creating prefix chain script '/home/dani/Estudos/codas/tac_robotica/my_workspace/src/turtlesim_circles_and_squares/install/setup.sh'
[1.147s] INFO:colcon.colcon_core.shell:Creating prefix script '/home/dani/Estudos/codas/tac_robotica/my_workspace/src/turtlesim_circles_and_squares/install/local_setup.bash'
[1.147s] INFO:colcon.colcon_core.shell:Creating prefix chain script '/home/dani/Estudos/codas/tac_robotica/my_workspace/src/turtlesim_circles_and_squares/install/setup.bash'
[1.148s] INFO:colcon.colcon_core.shell:Creating prefix script '/home/dani/Estudos/codas/tac_robotica/my_workspace/src/turtlesim_circles_and_squares/install/local_setup.zsh'
[1.148s] INFO:colcon.colcon_core.shell:Creating prefix chain script '/home/dani/Estudos/codas/tac_robotica/my_workspace/src/turtlesim_circles_and_squares/install/setup.zsh'
