[0.552s] Invoking command in '/home/dani/Estudos/codas/tac_robotica/my_workspace/src/turtlesim_circles_and_squares': PYTHONPATH=/home/dani/Estudos/codas/tac_robotica/my_workspace/src/turtlesim_circles_and_squares/build/turtlesim_circles_and_squares/prefix_override:/usr/lib/python3/dist-packages/colcon_core/task/python/colcon_distutils_commands:/home/dani/Estudos/codas/tac_robotica/my_workspace/src/turtlesim_circles_and_squares/install/turtlesim_circles_and_squares/lib/python3.10/site-packages:${PYTHONPATH} /usr/bin/python3 -W ignore:setup.py install is deprecated -W ignore:easy_install command is deprecated setup.py egg_info --egg-base build/turtlesim_circles_and_squares build --build-base /home/dani/Estudos/codas/tac_robotica/my_workspace/src/turtlesim_circles_and_squares/build/turtlesim_circles_and_squares/build install --record /home/dani/Estudos/codas/tac_robotica/my_workspace/src/turtlesim_circles_and_squares/build/turtlesim_circles_and_squares/install.log --single-version-externally-managed install_data
[0.760s] running egg_info
[0.760s] creating build/turtlesim_circles_and_squares/turtlesim_circles_and_squares.egg-info
[0.760s] writing build/turtlesim_circles_and_squares/turtlesim_circles_and_squares.egg-info/PKG-INFO
[0.761s] writing dependency_links to build/turtlesim_circles_and_squares/turtlesim_circles_and_squares.egg-info/dependency_links.txt
[0.761s] writing entry points to build/turtlesim_circles_and_squares/turtlesim_circles_and_squares.egg-info/entry_points.txt
[0.761s] writing requirements to build/turtlesim_circles_and_squares/turtlesim_circles_and_squares.egg-info/requires.txt
[0.761s] writing top-level names to build/turtlesim_circles_and_squares/turtlesim_circles_and_squares.egg-info/top_level.txt
[0.761s] writing manifest file 'build/turtlesim_circles_and_squares/turtlesim_circles_and_squares.egg-info/SOURCES.txt'
[0.762s] reading manifest file 'build/turtlesim_circles_and_squares/turtlesim_circles_and_squares.egg-info/SOURCES.txt'
[0.763s] writing manifest file 'build/turtlesim_circles_and_squares/turtlesim_circles_and_squares.egg-info/SOURCES.txt'
[0.763s] running build
[0.763s] running build_py
[0.763s] creating /home/dani/Estudos/codas/tac_robotica/my_workspace/src/turtlesim_circles_and_squares/build/turtlesim_circles_and_squares/build
[0.763s] creating /home/dani/Estudos/codas/tac_robotica/my_workspace/src/turtlesim_circles_and_squares/build/turtlesim_circles_and_squares/build/lib
[0.763s] creating /home/dani/Estudos/codas/tac_robotica/my_workspace/src/turtlesim_circles_and_squares/build/turtlesim_circles_and_squares/build/lib/scripts
[0.763s] copying scripts/__init__.py -> /home/dani/Estudos/codas/tac_robotica/my_workspace/src/turtlesim_circles_and_squares/build/turtlesim_circles_and_squares/build/lib/scripts
[0.763s] copying scripts/move_turtles.py -> /home/dani/Estudos/codas/tac_robotica/my_workspace/src/turtlesim_circles_and_squares/build/turtlesim_circles_and_squares/build/lib/scripts
[0.763s] creating /home/dani/Estudos/codas/tac_robotica/my_workspace/src/turtlesim_circles_and_squares/build/turtlesim_circles_and_squares/build/lib/turtlesim_circles_and_squares
[0.763s] copying turtlesim_circles_and_squares/__init__.py -> /home/dani/Estudos/codas/tac_robotica/my_workspace/src/turtlesim_circles_and_squares/build/turtlesim_circles_and_squares/build/lib/turtlesim_circles_and_squares
[0.763s] running install
[0.764s] running install_lib
[0.764s] creating /home/dani/Estudos/codas/tac_robotica/my_workspace/src/turtlesim_circles_and_squares/install/turtlesim_circles_and_squares/lib/python3.10/site-packages/turtlesim_circles_and_squares
[0.764s] copying /home/dani/Estudos/codas/tac_robotica/my_workspace/src/turtlesim_circles_and_squares/build/turtlesim_circles_and_squares/build/lib/turtlesim_circles_and_squares/__init__.py -> /home/dani/Estudos/codas/tac_robotica/my_workspace/src/turtlesim_circles_and_squares/install/turtlesim_circles_and_squares/lib/python3.10/site-packages/turtlesim_circles_and_squares
[0.764s] creating /home/dani/Estudos/codas/tac_robotica/my_workspace/src/turtlesim_circles_and_squares/install/turtlesim_circles_and_squares/lib/python3.10/site-packages/scripts
[0.764s] copying /home/dani/Estudos/codas/tac_robotica/my_workspace/src/turtlesim_circles_and_squares/build/turtlesim_circles_and_squares/build/lib/scripts/__init__.py -> /home/dani/Estudos/codas/tac_robotica/my_workspace/src/turtlesim_circles_and_squares/install/turtlesim_circles_and_squares/lib/python3.10/site-packages/scripts
[0.764s] copying /home/dani/Estudos/codas/tac_robotica/my_workspace/src/turtlesim_circles_and_squares/build/turtlesim_circles_and_squares/build/lib/scripts/move_turtles.py -> /home/dani/Estudos/codas/tac_robotica/my_workspace/src/turtlesim_circles_and_squares/install/turtlesim_circles_and_squares/lib/python3.10/site-packages/scripts
[0.765s] byte-compiling /home/dani/Estudos/codas/tac_robotica/my_workspace/src/turtlesim_circles_and_squares/install/turtlesim_circles_and_squares/lib/python3.10/site-packages/turtlesim_circles_and_squares/__init__.py to __init__.cpython-310.pyc
[0.765s] byte-compiling /home/dani/Estudos/codas/tac_robotica/my_workspace/src/turtlesim_circles_and_squares/install/turtlesim_circles_and_squares/lib/python3.10/site-packages/scripts/__init__.py to __init__.cpython-310.pyc
[0.765s] byte-compiling /home/dani/Estudos/codas/tac_robotica/my_workspace/src/turtlesim_circles_and_squares/install/turtlesim_circles_and_squares/lib/python3.10/site-packages/scripts/move_turtles.py to move_turtles.cpython-310.pyc
[0.765s] running install_data
[0.766s] creating /home/dani/Estudos/codas/tac_robotica/my_workspace/src/turtlesim_circles_and_squares/install/turtlesim_circles_and_squares/share/turtlesim_circles_and_squares/launch
[0.766s] copying launch/turtlesim_launch.py -> /home/dani/Estudos/codas/tac_robotica/my_workspace/src/turtlesim_circles_and_squares/install/turtlesim_circles_and_squares/share/turtlesim_circles_and_squares/launch
[0.766s] creating /home/dani/Estudos/codas/tac_robotica/my_workspace/src/turtlesim_circles_and_squares/install/turtlesim_circles_and_squares/share/ament_index
[0.766s] creating /home/dani/Estudos/codas/tac_robotica/my_workspace/src/turtlesim_circles_and_squares/install/turtlesim_circles_and_squares/share/ament_index/resource_index
[0.766s] creating /home/dani/Estudos/codas/tac_robotica/my_workspace/src/turtlesim_circles_and_squares/install/turtlesim_circles_and_squares/share/ament_index/resource_index/packages
[0.766s] copying resource/turtlesim_circles_and_squares -> /home/dani/Estudos/codas/tac_robotica/my_workspace/src/turtlesim_circles_and_squares/install/turtlesim_circles_and_squares/share/ament_index/resource_index/packages
[0.766s] copying package.xml -> /home/dani/Estudos/codas/tac_robotica/my_workspace/src/turtlesim_circles_and_squares/install/turtlesim_circles_and_squares/share/turtlesim_circles_and_squares
[0.766s] running install_egg_info
[0.767s] Copying build/turtlesim_circles_and_squares/turtlesim_circles_and_squares.egg-info to /home/dani/Estudos/codas/tac_robotica/my_workspace/src/turtlesim_circles_and_squares/install/turtlesim_circles_and_squares/lib/python3.10/site-packages/turtlesim_circles_and_squares-0.0.0-py3.10.egg-info
[0.768s] running install_scripts
[0.782s] Installing move_turtles script to /home/dani/Estudos/codas/tac_robotica/my_workspace/src/turtlesim_circles_and_squares/install/turtlesim_circles_and_squares/lib/turtlesim_circles_and_squares
[0.783s] writing list of installed files to '/home/dani/Estudos/codas/tac_robotica/my_workspace/src/turtlesim_circles_and_squares/build/turtlesim_circles_and_squares/install.log'
[0.798s] Invoked command in '/home/dani/Estudos/codas/tac_robotica/my_workspace/src/turtlesim_circles_and_squares' returned '0': PYTHONPATH=/home/dani/Estudos/codas/tac_robotica/my_workspace/src/turtlesim_circles_and_squares/build/turtlesim_circles_and_squares/prefix_override:/usr/lib/python3/dist-packages/colcon_core/task/python/colcon_distutils_commands:/home/dani/Estudos/codas/tac_robotica/my_workspace/src/turtlesim_circles_and_squares/install/turtlesim_circles_and_squares/lib/python3.10/site-packages:${PYTHONPATH} /usr/bin/python3 -W ignore:setup.py install is deprecated -W ignore:easy_install command is deprecated setup.py egg_info --egg-base build/turtlesim_circles_and_squares build --build-base /home/dani/Estudos/codas/tac_robotica/my_workspace/src/turtlesim_circles_and_squares/build/turtlesim_circles_and_squares/build install --record /home/dani/Estudos/codas/tac_robotica/my_workspace/src/turtlesim_circles_and_squares/build/turtlesim_circles_and_squares/install.log --single-version-externally-managed install_data
