running egg_info
writing ../../build/turtlesim_circles_and_squares/turtlesim_circles_and_squares.egg-info/PKG-INFO
writing dependency_links to ../../build/turtlesim_circles_and_squares/turtlesim_circles_and_squares.egg-info/dependency_links.txt
writing entry points to ../../build/turtlesim_circles_and_squares/turtlesim_circles_and_squares.egg-info/entry_points.txt
writing requirements to ../../build/turtlesim_circles_and_squares/turtlesim_circles_and_squares.egg-info/requires.txt
writing top-level names to ../../build/turtlesim_circles_and_squares/turtlesim_circles_and_squares.egg-info/top_level.txt
reading manifest file '../../build/turtlesim_circles_and_squares/turtlesim_circles_and_squares.egg-info/SOURCES.txt'
writing manifest file '../../build/turtlesim_circles_and_squares/turtlesim_circles_and_squares.egg-info/SOURCES.txt'
running build
running build_py
copying scripts/move_turtles.py -> /home/dani/Estudos/codas/tac_robotica/my_workspace/build/turtlesim_circles_and_squares/build/lib/scripts
running install
running install_lib
copying /home/dani/Estudos/codas/tac_robotica/my_workspace/build/turtlesim_circles_and_squares/build/lib/scripts/move_turtles.py -> /home/dani/Estudos/codas/tac_robotica/my_workspace/install/turtlesim_circles_and_squares/lib/python3.10/site-packages/scripts
byte-compiling /home/dani/Estudos/codas/tac_robotica/my_workspace/install/turtlesim_circles_and_squares/lib/python3.10/site-packages/scripts/move_turtles.py to move_turtles.cpython-310.pyc
running install_data
running install_egg_info
removing '/home/dani/Estudos/codas/tac_robotica/my_workspace/install/turtlesim_circles_and_squares/lib/python3.10/site-packages/turtlesim_circles_and_squares-0.0.0-py3.10.egg-info' (and everything under it)
Copying ../../build/turtlesim_circles_and_squares/turtlesim_circles_and_squares.egg-info to /home/dani/Estudos/codas/tac_robotica/my_workspace/install/turtlesim_circles_and_squares/lib/python3.10/site-packages/turtlesim_circles_and_squares-0.0.0-py3.10.egg-info
running install_scripts
Installing move_turtles script to /home/dani/Estudos/codas/tac_robotica/my_workspace/install/turtlesim_circles_and_squares/lib/turtlesim_circles_and_squares
writing list of installed files to '/home/dani/Estudos/codas/tac_robotica/my_workspace/build/turtlesim_circles_and_squares/install.log'
